{"ts":"2026-07-20T10:00:01Z","method":"GET","path":"/api/users","status":200,"bytes":512}
{"ts":"2026-07-20T10:00:02Z","method":"POST","path":"/api/orders","status":201,"bytes":128}
{"ts":"2026-07-20T10:00:03Z","method":"GET","path":"/api/users/1","status":999,"bytes":64}
{"ts":"2026-07-20T10:00:04Z","method":"GET","path":"/api/orders","status":200,"bytes":-5}
{"ts":"2026-07-20T10:00:05Z","method":"DELETE","path":"/api/orders/9","status":204,"bytes":0}
{"ts":"2026-07-20T10:00:06Z","method":"GET","path":"/api/health","status":200,"bytes":10
{"ts":"2026-07-20T10:00:07Z","method":"GET","path":"/api/users","status":200,"bytes":256}
{"ts":"2026-07-20T10:00:08Z","method":"PUT","path":"/api/users/2","status":200,"bytes":64}
{"ts":"2026-07-20T10:00:09Z","method":"GET","path":"/api/orders/3","status":"200","bytes":32}
{"ts":"2026-07-20T10:00:10Z","method":"GET","path":"/api/health","status":200,"bytes":8}
{'ts':'2026-07-20T10:00:11Z','method':'GET','path':'/api/users','status':200,'bytes':16}
{"ts":"2026-07-20T10:00:12Z","method":"POST","path":"/api/orders","status":201,"bytes":96}
{"ts":"2026-07-20T10:00:13Z","method":"GET","path":"/api/users/4","status":200,"bytes":12.5}
{"ts":"2026-07-20T10:00:14Z","method":"GET","path":"/api/orders/5","status":200,"bytes":48}
{"ts":"2026-07-20T10:00:15Z","method":"DELETE","path":"/api/users/6","status":204,"bytes":0}
{"ts":"2026-07-20T10:00:16Z","method":"GET","path":"/api/users/7","status":200,"bytes":88}
{"ts":"2026-07-20T10:00:17Z","method":"GET","path":"/api/orders/6","status":200,"bytes":72}
{"ts":"2026-07-20T10:00:18Z","method":"POST","path":"/api/users","status":201,"bytes":140}
{"ts":"2026-07-20T10:00:19Z","method":"GET","path":"/api/health","status":200,"bytes":6}
{"ts":"2026-07-20T10:00:20Z","method":"GET","path":"/api/orders/7,"status":200,"bytes":40}
{"ts":"2026-07-20T10:00:21Z","method":"GET","path":"/api/users/8","status":200,"bytes":52}
{"ts":"2026-07-20T10:00:22Z","method":"PUT","path":"/api/orders/8","status":200,"bytes":60}
{"ts":"2026-07-20T10:00:23Z","method":"GET","path":"/api/users/9","status":200,"bytes":44}
{"ts":"2026-07-20T10:00:24Z","method":"DELETE","path":"/api/orders/1","status":204,"bytes":0}
{"ts":"2026-07-20T10:00:25Z","method":"GET","path":"/api/users/10","status":0,"bytes":20}
{"ts":"2026-07-20T10:00:26Z","method":"GET","path":"/api/orders/9","status":200,"bytes":36}
{"ts":"2026-07-20T10:00:27Z","method":"POST","path":"/api/users","status":201,"bytes":150}
{"ts":"2026-07-20T10:00:28Z","method":"GET","path":"/api/health","status":200,"bytes":9}
{"ts":"2026-07-20T10:00:29Z","method":"GET","path":"/api/users/11","status":200,"bytes":68}
{"ts":"2026-07-20T10:00:30Z","method":"GET","path":"/api/orders/10","status":200,"bytes":null}
{"ts":"2026-07-20T10:00:31Z","method":"PUT","path":"/api/users/12","status":200,"bytes":76}
{"ts":"2026-07-20T10:00:32Z","method":"GET","path":"/api/orders/11","status":200,"bytes":84}
{"ts":"2026-07-20T10:00:33Z","method":"DELETE","path":"/api/users/13","status":204,"bytes":0}
{"ts":"2026-07-20T10:00:34Z","method":"GET","path":"/api/users/14" "status":200,"bytes":30}
{"ts":"2026-07-20T10:00:35Z","method":"GET","path":"/api/orders/12","status":200,"bytes":56}
{"ts":"2026-07-20T10:00:36Z","method":"POST","path":"/api/orders","status":201,"bytes":112}
{"ts":"2026-07-20T10:00:37Z","method":"GET","path":"/api/users/15","status":200,"bytes":24}
{"ts":"2026-07-20T10:00:38Z","method":"GET","path":"/api/health","status":700,"bytes":7}
{"ts":"2026-07-20T10:00:39Z","method":"GET","path":"/api/orders/13","status":200,"bytes":92}
{"ts":"2026-07-20T10:00:40Z","method":"PUT","path":"/api/users/16","status":200,"bytes":80}
{"ts":"2026-07-20T10:00:41Z","method":"GET","path":"/api/orders/14","status":200,"bytes":28}
{"ts":"2026-07-20T10:00:42Z","method":"DELETE","path":"/api/orders/15","status":204,"bytes":0}
{"ts":"2026-07-20T10:00:43Z","method":"GET","path":"/api/users/17","status":200,"bytes":64}
{"ts":"2026-07-20T10:00:44Z","method":"GET","path":"/api/orders/16","status":200,"bytes":-12}
{"ts":"2026-07-20T10:00:45Z","method":"POST","path":"/api/users","status":201,"bytes":132}
{"ts":"2026-07-20T10:00:46Z","method":"GET","path":"/api/health","status":200,"bytes":11}
{"ts":"2026-07-20T10:00:47Z","method":"GET","path":"/api/users/18","status":200,"bytes":48}
{"ts":"2026-07-20T10:00:48Z","method":"PUT","path":"/api/orders/17","status":200,"bytes":56
{"ts":"2026-07-20T10:00:49Z","method":"GET","path":"/api/orders/18","status":200,"bytes":40}
{"ts":"2026-07-20T10:00:50Z","method":"DELETE","path":"/api/users/19","status":204,"bytes":0}
{"ts":"2026-07-20T10:00:51Z","method":"GET","path":"/api/orders/19","status":"ok","bytes":20}
{"ts":"2026-07-20T10:00:52Z","method":"GET","path":"/api/users/20","status":200,"bytes":72}
{"ts":"2026-07-20T10:00:53Z","method":"POST","path":"/api/orders","status":201,"bytes":104}
{"ts":"2026-07-20T10:00:54Z","method":"GET","path":"/api/health","status":200,"bytes":13}
{"ts":"2026-07-20T10:00:55Z","method":"GET","path":"/api/users/21","status":200,"bytes":60}
{"ts":"2026-07-20T10:00:56Z","method":"PUT","path":"/api/orders/20","status":200,"bytes":88}
{"ts":"2026-07-20T10:00:57Z","method":"GET","path":"/api/orders/21","status":200,"bytes":32}
{"ts":"2026-07-20T10:00:58Z","method":"DELETE","path":"/api/users/22","status":204,"bytes":0}
{"ts":"2026-07-20T10:00:59Z","method":"GET","path":"/api/users/23","status":200,"bytes":76}
{"ts":"2026-07-20T10:01:00Z","method":"GET","path":"/api/orders/22","status":200,"bytes":44}

{"ts":"2026-07-20T10:01:02Z","method":"GET","path":"/api/users/24","status":200,"bytes":68}
{"ts":"2026-07-20T10:01:03Z","method":"POST","path":"/api/orders","status":201,"bytes":120}
{"ts":"2026-07-20T10:01:04Z","method":"GET","path":"/api/health","status":200,"bytes":5}
{"ts":"2026-07-20T10:01:05Z","method":"GET","path":"/api/orders/23","status":200,"bytes":50,}
{"ts":"2026-07-20T10:01:06Z","method":"GET","path":"/api/users/25","status":200,"bytes":-100}
